<?xml version="1.0" encoding="UTF-8"?>
<testng-results skipped="0" failed="1" ignored="0" total="4" passed="3">
  <reporter-output>
  </reporter-output>
  <suite name="Suite" duration-ms="101" started-at="2018-07-24T06:10:13Z" finished-at="2018-07-24T06:10:13Z">
    <groups>
    </groups>
    <test name="Test" duration-ms="101" started-at="2018-07-24T06:10:13Z" finished-at="2018-07-24T06:10:13Z">
      <class name="packmvn.MavenClass">
        <test-method status="PASS" signature="simpleTest()[pri:0, instance:packmvn.MavenClass@97e1986]" name="simpleTest" duration-ms="27" started-at="2018-07-24T06:10:13Z" finished-at="2018-07-24T06:10:13Z">
          <reporter-output>
          </reporter-output>
        </test-method> <!-- simpleTest -->
        <test-method status="FAIL" signature="simpleTestFail()[pri:0, instance:packmvn.MavenClass@97e1986]" name="simpleTestFail" duration-ms="2" started-at="2018-07-24T06:10:13Z" finished-at="2018-07-24T06:10:13Z">
          <exception class="java.lang.AssertionError">
            <message>
              <![CDATA[expected [true] but found [false]]]>
            </message>
            <full-stacktrace>
              <![CDATA[java.lang.AssertionError: expected [true] but found [false]
at org.testng.Assert.fail(Assert.java:96)
at org.testng.Assert.failNotEquals(Assert.java:776)
at org.testng.Assert.assertTrue(Assert.java:44)
at org.testng.Assert.assertTrue(Assert.java:54)
at packmvn.MavenClass.simpleTestFail(MavenClass.java:36)
at sun.reflect.NativeMethodAccessorImpl.invoke0(Native Method)
at sun.reflect.NativeMethodAccessorImpl.invoke(NativeMethodAccessorImpl.java:62)
at sun.reflect.DelegatingMethodAccessorImpl.invoke(DelegatingMethodAccessorImpl.java:43)
at java.lang.reflect.Method.invoke(Method.java:498)
at org.testng.internal.MethodInvocationHelper.invokeMethod(MethodInvocationHelper.java:124)
at org.testng.internal.Invoker.invokeMethod(Invoker.java:580)
at org.testng.internal.Invoker.invokeTestMethod(Invoker.java:716)
at org.testng.internal.Invoker.invokeTestMethods(Invoker.java:988)
at org.testng.internal.TestMethodWorker.invokeTestMethods(TestMethodWorker.java:125)
at org.testng.internal.TestMethodWorker.run(TestMethodWorker.java:109)
at org.testng.TestRunner.privateRun(TestRunner.java:648)
at org.testng.TestRunner.run(TestRunner.java:505)
at org.testng.SuiteRunner.runTest(SuiteRunner.java:455)
at org.testng.SuiteRunner.runSequentially(SuiteRunner.java:450)
at org.testng.SuiteRunner.privateRun(SuiteRunner.java:415)
at org.testng.SuiteRunner.run(SuiteRunner.java:364)
at org.testng.SuiteRunnerWorker.runSuite(SuiteRunnerWorker.java:52)
at org.testng.SuiteRunnerWorker.run(SuiteRunnerWorker.java:84)
at org.testng.TestNG.runSuitesSequentially(TestNG.java:1208)
at org.testng.TestNG.runSuitesLocally(TestNG.java:1137)
at org.testng.TestNG.runSuites(TestNG.java:1049)
at org.testng.TestNG.run(TestNG.java:1017)
at org.apache.maven.surefire.testng.TestNGExecutor.run(TestNGExecutor.java:283)
at org.apache.maven.surefire.testng.TestNGXmlTestSuite.execute(TestNGXmlTestSuite.java:75)
at org.apache.maven.surefire.testng.TestNGProvider.invoke(TestNGProvider.java:120)
at org.apache.maven.surefire.booter.ForkedBooter.invokeProviderInSameClassLoader(ForkedBooter.java:379)
at org.apache.maven.surefire.booter.ForkedBooter.runSuitesInProcess(ForkedBooter.java:340)
at org.apache.maven.surefire.booter.ForkedBooter.execute(ForkedBooter.java:125)
at org.apache.maven.surefire.booter.ForkedBooter.main(ForkedBooter.java:413)
]]>
            </full-stacktrace>
          </exception> <!-- java.lang.AssertionError -->
          <reporter-output>
          </reporter-output>
        </test-method> <!-- simpleTestFail -->
        <test-method status="PASS" signature="simpleTestOK()[pri:0, instance:packmvn.MavenClass@97e1986]" name="simpleTestOK" duration-ms="0" started-at="2018-07-24T06:10:13Z" finished-at="2018-07-24T06:10:13Z">
          <reporter-output>
          </reporter-output>
        </test-method> <!-- simpleTestOK -->
        <test-method status="PASS" signature="simpleTestSup()[pri:0, instance:packmvn.MavenClass@97e1986]" name="simpleTestSup" duration-ms="1" started-at="2018-07-24T06:10:13Z" finished-at="2018-07-24T06:10:13Z">
          <reporter-output>
          </reporter-output>
        </test-method> <!-- simpleTestSup -->
      </class> <!-- packmvn.MavenClass -->
    </test> <!-- Test -->
  </suite> <!-- Suite -->
</testng-results>
